[2025-12-12 16:31:46,000] INFO Starting the log cleaner (kafka.log.LogCleaner)
[2025-12-12 16:31:46,061] INFO [kafka-log-cleaner-thread-0]: Starting (kafka.log.LogCleaner)
[2025-12-16 08:52:26,867] INFO Starting the log cleaner (kafka.log.LogCleaner)
[2025-12-16 08:52:26,946] INFO [kafka-log-cleaner-thread-0]: Starting (kafka.log.LogCleaner)
[2025-12-19 10:57:07,051] INFO Starting the log cleaner (kafka.log.LogCleaner)
[2025-12-19 10:57:07,156] INFO [kafka-log-cleaner-thread-0]: Starting (kafka.log.LogCleaner)
[2025-12-20 11:04:24,569] INFO Starting the log cleaner (kafka.log.LogCleaner)
[2025-12-20 11:04:24,619] INFO [kafka-log-cleaner-thread-0]: Starting (kafka.log.LogCleaner)
[2025-12-20 11:04:25,481] INFO Shutting down the log cleaner. (kafka.log.LogCleaner)
[2025-12-20 11:04:25,482] INFO [kafka-log-cleaner-thread-0]: Shutting down (kafka.log.LogCleaner)
[2025-12-20 11:04:25,485] INFO [kafka-log-cleaner-thread-0]: Stopped (kafka.log.LogCleaner)
[2025-12-20 11:04:25,485] INFO [kafka-log-cleaner-thread-0]: Shutdown completed (kafka.log.LogCleaner)
[2025-12-20 11:04:38,571] INFO Starting the log cleaner (kafka.log.LogCleaner)
[2025-12-20 11:04:38,605] INFO [kafka-log-cleaner-thread-0]: Starting (kafka.log.LogCleaner)
[2025-12-20 11:08:35,890] INFO Starting the log cleaner (kafka.log.LogCleaner)
[2025-12-20 11:08:35,935] INFO [kafka-log-cleaner-thread-0]: Starting (kafka.log.LogCleaner)
[2025-12-20 14:53:15,370] INFO Cleaner 0: Beginning cleaning of log __consumer_offsets-39 (kafka.log.LogCleaner)
[2025-12-20 14:53:15,381] INFO Cleaner 0: Building offset map for __consumer_offsets-39... (kafka.log.LogCleaner)
[2025-12-20 14:53:15,896] INFO Cleaner 0: Building offset map for log __consumer_offsets-39 for 1 segments in offset range [0, 780). (kafka.log.LogCleaner)
[2025-12-20 14:53:16,348] INFO Cleaner 0: Offset map for log __consumer_offsets-39 complete. (kafka.log.LogCleaner)
[2025-12-20 14:53:16,370] INFO Cleaner 0: Cleaning log __consumer_offsets-39 (cleaning prior to Sat Dec 20 13:44:20 CET 2025, discarding tombstones prior to upper bound deletion horizon Thu Jan 01 01:00:00 CET 1970)... (kafka.log.LogCleaner)
[2025-12-20 14:53:16,430] INFO Cleaner 0: Cleaning LogSegment(baseOffset=0, size=107289, lastModifiedTime=1766234660433, largestRecordTimestamp=Some(1766234660432)) in log __consumer_offsets-39 into 0 with an upper bound deletion horizon 0 computed from the segment last modified time of 1766234660433,retaining deletes. (kafka.log.LogCleaner)
[2025-12-20 14:53:16,592] INFO Cleaner 0: Swapping in cleaned segment LogSegment(baseOffset=0, size=1016, lastModifiedTime=1766234660433, largestRecordTimestamp=Some(1766234660432)) for segment(s) List(LogSegment(baseOffset=0, size=107289, lastModifiedTime=1766234660433, largestRecordTimestamp=Some(1766234660432))) in log Log(dir=C:\tmp\kafka-logs\__consumer_offsets-39, topicId=fvNMXZv5Rsq3h2JmklNH6Q, topic=__consumer_offsets, partition=39, highWatermark=781, lastStableOffset=781, logStartOffset=0, logEndOffset=781) (kafka.log.LogCleaner)
[2025-12-20 14:53:16,822] INFO Cleaner 0: Beginning cleaning of log __consumer_offsets-39 (kafka.log.LogCleaner)
[2025-12-20 14:53:16,822] INFO Cleaner 0: Building offset map for __consumer_offsets-39... (kafka.log.LogCleaner)
[2025-12-20 14:53:16,902] INFO Cleaner 0: Building offset map for log __consumer_offsets-39 for 1 segments in offset range [0, 780). (kafka.log.LogCleaner)
[2025-12-20 14:53:16,915] INFO Cleaner 0: Offset map for log __consumer_offsets-39 complete. (kafka.log.LogCleaner)
[2025-12-20 14:53:16,916] INFO Cleaner 0: Cleaning log __consumer_offsets-39 (cleaning prior to Sat Dec 20 13:44:20 CET 2025, discarding tombstones prior to upper bound deletion horizon Thu Jan 01 01:00:00 CET 1970)... (kafka.log.LogCleaner)
[2025-12-20 14:53:16,938] INFO Cleaner 0: Beginning cleaning of log __consumer_offsets-39 (kafka.log.LogCleaner)
[2025-12-20 14:53:16,939] INFO Cleaner 0: Building offset map for __consumer_offsets-39... (kafka.log.LogCleaner)
[2025-12-20 14:53:16,993] INFO Cleaner 0: Building offset map for log __consumer_offsets-39 for 1 segments in offset range [0, 780). (kafka.log.LogCleaner)
[2025-12-20 14:53:17,001] INFO Cleaner 0: Offset map for log __consumer_offsets-39 complete. (kafka.log.LogCleaner)
[2025-12-20 14:53:17,005] INFO Cleaner 0: Cleaning log __consumer_offsets-39 (cleaning prior to Sat Dec 20 13:44:20 CET 2025, discarding tombstones prior to upper bound deletion horizon Thu Jan 01 01:00:00 CET 1970)... (kafka.log.LogCleaner)
[2025-12-20 14:53:17,024] INFO Cleaner 0: Beginning cleaning of log __consumer_offsets-39 (kafka.log.LogCleaner)
[2025-12-20 14:53:17,024] INFO Cleaner 0: Building offset map for __consumer_offsets-39... (kafka.log.LogCleaner)
[2025-12-20 14:53:17,076] INFO Cleaner 0: Building offset map for log __consumer_offsets-39 for 1 segments in offset range [0, 780). (kafka.log.LogCleaner)
[2025-12-20 14:53:17,084] INFO Cleaner 0: Offset map for log __consumer_offsets-39 complete. (kafka.log.LogCleaner)
[2025-12-20 14:53:17,085] INFO Cleaner 0: Cleaning log __consumer_offsets-39 (cleaning prior to Sat Dec 20 13:44:20 CET 2025, discarding tombstones prior to upper bound deletion horizon Thu Jan 01 01:00:00 CET 1970)... (kafka.log.LogCleaner)
[2025-12-20 14:53:17,102] INFO Cleaner 0: Beginning cleaning of log __consumer_offsets-39 (kafka.log.LogCleaner)
[2025-12-20 14:53:17,102] INFO Cleaner 0: Building offset map for __consumer_offsets-39... (kafka.log.LogCleaner)
[2025-12-20 14:54:12,440] INFO Starting the log cleaner (kafka.log.LogCleaner)
[2025-12-20 14:54:12,500] INFO [kafka-log-cleaner-thread-0]: Starting (kafka.log.LogCleaner)
[2025-12-20 14:54:27,550] INFO Cleaner 0: Beginning cleaning of log __consumer_offsets-39 (kafka.log.LogCleaner)
[2025-12-20 14:54:27,551] INFO Cleaner 0: Building offset map for __consumer_offsets-39... (kafka.log.LogCleaner)
[2025-12-20 14:54:27,616] INFO Cleaner 0: Building offset map for log __consumer_offsets-39 for 1 segments in offset range [0, 780). (kafka.log.LogCleaner)
[2025-12-20 14:54:27,666] INFO Cleaner 0: Offset map for log __consumer_offsets-39 complete. (kafka.log.LogCleaner)
[2025-12-20 14:54:27,668] INFO Cleaner 0: Cleaning log __consumer_offsets-39 (cleaning prior to Sat Dec 20 13:44:20 CET 2025, discarding tombstones prior to upper bound deletion horizon Thu Jan 01 01:00:00 CET 1970)... (kafka.log.LogCleaner)
[2025-12-20 14:54:27,679] INFO Cleaner 0: Cleaning LogSegment(baseOffset=0, size=107289, lastModifiedTime=1766234660433, largestRecordTimestamp=Some(1766234660432)) in log __consumer_offsets-39 into 0 with an upper bound deletion horizon 0 computed from the segment last modified time of 1766234660433,retaining deletes. (kafka.log.LogCleaner)
[2025-12-20 14:54:27,758] INFO Cleaner 0: Swapping in cleaned segment LogSegment(baseOffset=0, size=1016, lastModifiedTime=1766234660433, largestRecordTimestamp=Some(1766234660432)) for segment(s) List(LogSegment(baseOffset=0, size=107289, lastModifiedTime=1766234660433, largestRecordTimestamp=Some(1766234660432))) in log Log(dir=C:\tmp\kafka-logs\__consumer_offsets-39, topicId=fvNMXZv5Rsq3h2JmklNH6Q, topic=__consumer_offsets, partition=39, highWatermark=781, lastStableOffset=781, logStartOffset=0, logEndOffset=781) (kafka.log.LogCleaner)
[2025-12-20 14:54:27,792] INFO Cleaner 0: Beginning cleaning of log __consumer_offsets-39 (kafka.log.LogCleaner)
[2025-12-20 14:54:27,792] INFO Cleaner 0: Building offset map for __consumer_offsets-39... (kafka.log.LogCleaner)
[2025-12-20 14:54:27,891] INFO Cleaner 0: Building offset map for log __consumer_offsets-39 for 1 segments in offset range [0, 780). (kafka.log.LogCleaner)
[2025-12-20 14:54:49,936] INFO Starting the log cleaner (kafka.log.LogCleaner)
[2025-12-20 14:54:49,967] INFO [kafka-log-cleaner-thread-0]: Starting (kafka.log.LogCleaner)
[2025-12-20 14:55:05,019] INFO Cleaner 0: Beginning cleaning of log __consumer_offsets-39 (kafka.log.LogCleaner)
[2025-12-20 14:55:05,020] INFO Cleaner 0: Building offset map for __consumer_offsets-39... (kafka.log.LogCleaner)
[2025-12-20 14:55:05,076] INFO Cleaner 0: Building offset map for log __consumer_offsets-39 for 1 segments in offset range [0, 780). (kafka.log.LogCleaner)
[2025-12-20 14:55:05,151] INFO Cleaner 0: Offset map for log __consumer_offsets-39 complete. (kafka.log.LogCleaner)
[2025-12-20 14:55:05,164] INFO Cleaner 0: Cleaning log __consumer_offsets-39 (cleaning prior to Sat Dec 20 13:44:20 CET 2025, discarding tombstones prior to upper bound deletion horizon Thu Jan 01 01:00:00 CET 1970)... (kafka.log.LogCleaner)
[2025-12-20 14:55:05,183] INFO Cleaner 0: Cleaning LogSegment(baseOffset=0, size=107289, lastModifiedTime=1766234660433, largestRecordTimestamp=Some(1766234660432)) in log __consumer_offsets-39 into 0 with an upper bound deletion horizon 0 computed from the segment last modified time of 1766234660433,retaining deletes. (kafka.log.LogCleaner)
[2025-12-20 14:55:05,286] INFO Cleaner 0: Swapping in cleaned segment LogSegment(baseOffset=0, size=1016, lastModifiedTime=1766234660433, largestRecordTimestamp=Some(1766234660432)) for segment(s) List(LogSegment(baseOffset=0, size=107289, lastModifiedTime=1766234660433, largestRecordTimestamp=Some(1766234660432))) in log Log(dir=C:\tmp\kafka-logs\__consumer_offsets-39, topicId=fvNMXZv5Rsq3h2JmklNH6Q, topic=__consumer_offsets, partition=39, highWatermark=781, lastStableOffset=781, logStartOffset=0, logEndOffset=781) (kafka.log.LogCleaner)
[2025-12-20 14:55:05,330] INFO Cleaner 0: Beginning cleaning of log __consumer_offsets-39 (kafka.log.LogCleaner)
[2025-12-20 14:55:05,330] INFO Cleaner 0: Building offset map for __consumer_offsets-39... (kafka.log.LogCleaner)
[2025-12-20 15:00:07,767] INFO Starting the log cleaner (kafka.log.LogCleaner)
[2025-12-20 15:00:07,840] INFO [kafka-log-cleaner-thread-0]: Starting (kafka.log.LogCleaner)
[2025-12-20 15:00:22,891] INFO Cleaner 0: Beginning cleaning of log __consumer_offsets-39 (kafka.log.LogCleaner)
[2025-12-20 15:00:22,891] INFO Cleaner 0: Building offset map for __consumer_offsets-39... (kafka.log.LogCleaner)
[2025-12-20 15:00:22,955] INFO Cleaner 0: Building offset map for log __consumer_offsets-39 for 1 segments in offset range [0, 780). (kafka.log.LogCleaner)
[2025-12-20 15:00:23,032] INFO Cleaner 0: Offset map for log __consumer_offsets-39 complete. (kafka.log.LogCleaner)
[2025-12-20 15:00:23,059] INFO Cleaner 0: Cleaning log __consumer_offsets-39 (cleaning prior to Sat Dec 20 13:44:20 CET 2025, discarding tombstones prior to upper bound deletion horizon Thu Jan 01 01:00:00 CET 1970)... (kafka.log.LogCleaner)
[2025-12-20 15:00:23,083] INFO Cleaner 0: Cleaning LogSegment(baseOffset=0, size=107289, lastModifiedTime=1766234660433, largestRecordTimestamp=Some(1766234660432)) in log __consumer_offsets-39 into 0 with an upper bound deletion horizon 0 computed from the segment last modified time of 1766234660433,retaining deletes. (kafka.log.LogCleaner)
[2025-12-20 15:00:23,200] INFO Cleaner 0: Swapping in cleaned segment LogSegment(baseOffset=0, size=1016, lastModifiedTime=1766234660433, largestRecordTimestamp=Some(1766234660432)) for segment(s) List(LogSegment(baseOffset=0, size=107289, lastModifiedTime=1766234660433, largestRecordTimestamp=Some(1766234660432))) in log Log(dir=C:\tmp\kafka-logs\__consumer_offsets-39, topicId=fvNMXZv5Rsq3h2JmklNH6Q, topic=__consumer_offsets, partition=39, highWatermark=781, lastStableOffset=781, logStartOffset=0, logEndOffset=781) (kafka.log.LogCleaner)
[2025-12-20 15:00:23,258] INFO Cleaner 0: Beginning cleaning of log __consumer_offsets-39 (kafka.log.LogCleaner)
[2025-12-20 15:00:23,258] INFO Cleaner 0: Building offset map for __consumer_offsets-39... (kafka.log.LogCleaner)
[2025-12-20 15:08:56,894] INFO Starting the log cleaner (kafka.log.LogCleaner)
[2025-12-20 15:08:56,952] INFO [kafka-log-cleaner-thread-0]: Starting (kafka.log.LogCleaner)
[2025-12-20 20:17:17,759] INFO Shutting down the log cleaner. (kafka.log.LogCleaner)
[2025-12-20 20:17:17,776] INFO [kafka-log-cleaner-thread-0]: Shutting down (kafka.log.LogCleaner)
[2025-12-20 20:17:17,779] INFO [kafka-log-cleaner-thread-0]: Stopped (kafka.log.LogCleaner)
[2025-12-20 20:17:17,779] INFO [kafka-log-cleaner-thread-0]: Shutdown completed (kafka.log.LogCleaner)
[2025-12-23 23:00:09,499] INFO Starting the log cleaner (kafka.log.LogCleaner)
[2025-12-23 23:00:09,583] INFO [kafka-log-cleaner-thread-0]: Starting (kafka.log.LogCleaner)
[2025-12-24 17:25:27,654] INFO Shutting down the log cleaner. (kafka.log.LogCleaner)
[2025-12-24 17:25:27,657] INFO [kafka-log-cleaner-thread-0]: Shutting down (kafka.log.LogCleaner)
[2025-12-24 17:25:27,657] INFO [kafka-log-cleaner-thread-0]: Stopped (kafka.log.LogCleaner)
[2025-12-24 17:25:27,657] INFO [kafka-log-cleaner-thread-0]: Shutdown completed (kafka.log.LogCleaner)
[2025-12-27 11:47:02,150] INFO Starting the log cleaner (kafka.log.LogCleaner)
[2025-12-27 11:47:02,215] INFO [kafka-log-cleaner-thread-0]: Starting (kafka.log.LogCleaner)
[2025-12-27 17:32:13,788] INFO Shutting down the log cleaner. (kafka.log.LogCleaner)
[2025-12-27 17:32:13,790] INFO [kafka-log-cleaner-thread-0]: Shutting down (kafka.log.LogCleaner)
[2025-12-27 17:32:13,791] INFO [kafka-log-cleaner-thread-0]: Stopped (kafka.log.LogCleaner)
[2025-12-27 17:32:13,791] INFO [kafka-log-cleaner-thread-0]: Shutdown completed (kafka.log.LogCleaner)
[2025-12-29 11:49:49,184] INFO Starting the log cleaner (kafka.log.LogCleaner)
[2025-12-29 11:49:49,284] INFO [kafka-log-cleaner-thread-0]: Starting (kafka.log.LogCleaner)
[2025-12-29 11:51:46,939] INFO Starting the log cleaner (kafka.log.LogCleaner)
[2025-12-29 11:51:46,985] INFO [kafka-log-cleaner-thread-0]: Starting (kafka.log.LogCleaner)
[2025-12-29 16:57:10,261] INFO Starting the log cleaner (kafka.log.LogCleaner)
[2025-12-29 16:57:10,392] INFO [kafka-log-cleaner-thread-0]: Starting (kafka.log.LogCleaner)
